[debug] [2020-02-16T07:43:46.649Z] ----------------------------------------------------------------------
[debug] [2020-02-16T07:43:46.653Z] Command:       C:\Program Files\nodejs\node.exe C:\Users\Administrator\AppData\Roaming\npm\node_modules\firebase-tools\lib\bin\firebase.js serve
[debug] [2020-02-16T07:43:46.653Z] CLI Version:   7.12.1
[debug] [2020-02-16T07:43:46.653Z] Platform:      win32
[debug] [2020-02-16T07:43:46.653Z] Node Version:  v12.14.1
[debug] [2020-02-16T07:43:46.669Z] Time:          Sun Feb 16 2020 08:43:46 GMT+0100 (GMT+01:00)
[debug] [2020-02-16T07:43:46.669Z] ----------------------------------------------------------------------
[debug] [2020-02-16T07:43:46.670Z] 
[debug] [2020-02-16T07:43:46.710Z] > command requires scopes: ["email","openid","https://www.googleapis.com/auth/cloudplatformprojects.readonly","https://www.googleapis.com/auth/firebase","https://www.googleapis.com/auth/cloud-platform"]
[debug] [2020-02-16T07:43:46.712Z] > authorizing via signed-in user
[debug] [2020-02-16T07:43:46.713Z] [iam] checking project gemo-challenge for permissions ["firebase.projects.get"]
[debug] [2020-02-16T07:43:46.717Z] > refreshing access token with scopes: ["email","https://www.googleapis.com/auth/cloud-platform","https://www.googleapis.com/auth/cloudplatformprojects.readonly","https://www.googleapis.com/auth/firebase","openid"]
[debug] [2020-02-16T07:43:46.717Z] >>> HTTP REQUEST POST https://www.googleapis.com/oauth2/v3/token  
 <request body omitted>
[debug] [2020-02-16T07:43:48.150Z] <<< HTTP RESPONSE 200
[debug] [2020-02-16T07:43:48.167Z] >>> HTTP REQUEST POST https://cloudresourcemanager.googleapis.com/v1/projects/gemo-challenge:testIamPermissions  

[debug] [2020-02-16T07:43:50.425Z] <<< HTTP RESPONSE 200
[debug] [2020-02-16T07:43:50.427Z] >>> HTTP REQUEST GET https://firebase.googleapis.com/v1beta1/projects/gemo-challenge  
 
[debug] [2020-02-16T07:43:52.206Z] <<< HTTP RESPONSE 200
[info] 
[info] === Serving from 'C:\Users\Administrator\source\gemalto-challenge\gemography'...
[info] 
[debug] [2020-02-16T07:43:52.243Z] >>> HTTP REQUEST GET https://firebase.googleapis.com/v1beta1/projects/gemo-challenge/webApps/-/config  
 
[debug] [2020-02-16T07:43:53.872Z] <<< HTTP RESPONSE 200
[info] i  hosting: Serving hosting files from: dist/apps/challenge
[info] +  hosting: Local server: http://localhost:5000
[warn] !  Your requested "node" version "8" doesn't match your global version "12"
[info] +  functions: Emulator started at http://localhost:5001
[info] i  functions: Watching "C:\Users\Administrator\source\gemalto-challenge\gemography\" for Cloud Functions...
[debug] [2020-02-16T07:43:54.792Z] [worker-pool] addWorker(~diagnostic~)
[debug] [2020-02-16T07:43:54.792Z] [worker-pool] Adding worker with key ~diagnostic~, total=1
[debug] [2020-02-16T07:43:54.792Z] [worker-pool] submitWork(triggerId=)
[debug] [2020-02-16T07:43:54.793Z] [worker-~diagnostic~-d26e5d97-391b-4afa-bf11-827020a67bdf]: Assigning socketPath: \\?\pipe\C:\Users\Administrator\source\gemalto-challenge\gemography\23632
[debug] [2020-02-16T07:43:54.794Z] [worker-~diagnostic~-d26e5d97-391b-4afa-bf11-827020a67bdf]: BUSY
[debug] [2020-02-16T07:43:56.273Z] [runtime-status] [23632] Functions runtime initialized. {"cwd":"C:\\Users\\Administrator\\source\\gemalto-challenge\\gemography","node_version":"12.14.1"}
[debug] [2020-02-16T07:43:56.282Z] [runtime-status] [23632] Disabled runtime features: {"functions_config_helper":true,"network_filtering":true,"timeout":true,"memory_limiting":true,"admin_stubs":true,"pubsub_emulator":true}
[debug] [2020-02-16T07:43:56.692Z] [runtime-status] [23632] Resolved module firebase-admin {"declared":true,"installed":true,"version":"8.9.2","resolution":"C:\\Users\\Administrator\\source\\gemalto-challenge\\gemography\\node_modules\\firebase-admin\\lib\\index.js"}
[debug] [2020-02-16T07:43:56.981Z] [runtime-status] [23632] Resolved module firebase-functions {"declared":true,"installed":true,"version":"3.3.0","resolution":"C:\\Users\\Administrator\\source\\gemalto-challenge\\gemography\\node_modules\\firebase-functions\\lib\\index.js"}
[debug] [2020-02-16T07:43:56.983Z] [runtime-status] [23632] Resolved module firebase-functions {"declared":true,"installed":true,"version":"3.3.0","resolution":"C:\\Users\\Administrator\\source\\gemalto-challenge\\gemography\\node_modules\\firebase-functions\\lib\\index.js"}
[info] >  [Nest] 23632   - 02/16/2020, 8:44:02 AM   [NestFactory] Starting Nest application...
[debug] [2020-02-16T07:44:03.056Z] [worker-~diagnostic~-d26e5d97-391b-4afa-bf11-827020a67bdf]: IDLE
[info] >  [Nest] 23632   - 02/16/2020, 8:44:02 AM   [InstanceLoader] HttpModule dependencies initialized +33ms
[info] >  [Nest] 23632   - 02/16/2020, 8:44:02 AM   [InstanceLoader] AppModule dependencies initialized +1ms
[info] >  [Nest] 23632   - 02/16/2020, 8:44:03 AM   [RoutesResolver] AppController {/api/}: +179ms
[info] >  [Nest] 23632   - 02/16/2020, 8:44:03 AM   [RouterExplorer] Mapped {/hello, GET} route +5ms
[info] >  [Nest] 23632   - 02/16/2020, 8:44:03 AM   [RouterExplorer] Mapped {/toprepos, GET} route +1ms
[info] >  [Nest] 23632   - 02/16/2020, 8:44:03 AM   [RouterExplorer] Mapped {/users/:name/repos, GET} route +1ms
[info] >  [Nest] 23632   - 02/16/2020, 8:44:03 AM   [NestApplication] Nest application successfully started +4ms
[info] >  Listening at http://localhost:3333/api
[debug] [2020-02-16T07:50:56.724Z] File C:\Users\Administrator\source\gemalto-challenge\gemography\azure-pipelines.yml changed, reloading triggers
[debug] [2020-02-16T07:50:57.729Z] [worker-pool] Shutting down IDLE worker (~diagnostic~)
[debug] [2020-02-16T07:50:57.729Z] [worker-~diagnostic~-d26e5d97-391b-4afa-bf11-827020a67bdf]: FINISHING
[debug] [2020-02-16T07:50:57.765Z] [worker-pool] addWorker(~diagnostic~)
[debug] [2020-02-16T07:50:57.765Z] [worker-pool] Adding worker with key ~diagnostic~, total=2
[debug] [2020-02-16T07:50:57.765Z] [worker-pool] submitWork(triggerId=)
[debug] [2020-02-16T07:50:57.766Z] [worker-~diagnostic~-37ec7485-4c1c-433b-9194-eda48114b720]: Assigning socketPath: \\?\pipe\C:\Users\Administrator\source\gemalto-challenge\gemography\22084
[debug] [2020-02-16T07:50:57.767Z] [worker-~diagnostic~-37ec7485-4c1c-433b-9194-eda48114b720]: BUSY
[debug] [2020-02-16T07:50:57.773Z] [worker-~diagnostic~-d26e5d97-391b-4afa-bf11-827020a67bdf]: exited
[debug] [2020-02-16T07:50:57.774Z] [worker-~diagnostic~-d26e5d97-391b-4afa-bf11-827020a67bdf]: FINISHED
[debug] [2020-02-16T07:50:59.838Z] [runtime-status] [22084] Functions runtime initialized. {"cwd":"C:\\Users\\Administrator\\source\\gemalto-challenge\\gemography","node_version":"12.14.1"}
[debug] [2020-02-16T07:50:59.839Z] [runtime-status] [22084] Disabled runtime features: {"functions_config_helper":true,"network_filtering":true,"timeout":true,"memory_limiting":true,"admin_stubs":true,"pubsub_emulator":true}
[debug] [2020-02-16T07:50:59.846Z] [runtime-status] [22084] Resolved module firebase-admin {"declared":true,"installed":true,"version":"8.9.2","resolution":"C:\\Users\\Administrator\\source\\gemalto-challenge\\gemography\\node_modules\\firebase-admin\\lib\\index.js"}
[debug] [2020-02-16T07:50:59.853Z] [runtime-status] [22084] Resolved module firebase-functions {"declared":true,"installed":true,"version":"3.3.0","resolution":"C:\\Users\\Administrator\\source\\gemalto-challenge\\gemography\\node_modules\\firebase-functions\\lib\\index.js"}
[debug] [2020-02-16T07:50:59.855Z] [runtime-status] [22084] Resolved module firebase-functions {"declared":true,"installed":true,"version":"3.3.0","resolution":"C:\\Users\\Administrator\\source\\gemalto-challenge\\gemography\\node_modules\\firebase-functions\\lib\\index.js"}
[info] >  [Nest] 22084   - 02/16/2020, 8:51:03 AM   [NestFactory] Starting Nest application...
[debug] [2020-02-16T07:51:03.697Z] [worker-~diagnostic~-37ec7485-4c1c-433b-9194-eda48114b720]: IDLE
[info] >  [Nest] 22084   - 02/16/2020, 8:51:03 AM   [InstanceLoader] HttpModule dependencies initialized +45ms
[info] >  [Nest] 22084   - 02/16/2020, 8:51:03 AM   [InstanceLoader] AppModule dependencies initialized +2ms
[info] >  [Nest] 22084   - 02/16/2020, 8:51:04 AM   [RoutesResolver] AppController {/api/}: +372ms
[info] >  [Nest] 22084   - 02/16/2020, 8:51:04 AM   [RouterExplorer] Mapped {/hello, GET} route +4ms
[info] >  [Nest] 22084   - 02/16/2020, 8:51:04 AM   [RouterExplorer] Mapped {/toprepos, GET} route +1ms
[info] >  [Nest] 22084   - 02/16/2020, 8:51:04 AM   [RouterExplorer] Mapped {/users/:name/repos, GET} route +2ms
[info] >  [Nest] 22084   - 02/16/2020, 8:51:04 AM   [NestApplication] Nest application successfully started +4ms
[info] >  Listening at http://localhost:3333/api
[debug] [2020-02-16T07:51:17.518Z] File C:\Users\Administrator\source\gemalto-challenge\gemography\azure-pipelines.yml changed, reloading triggers
[debug] [2020-02-16T07:51:18.519Z] [worker-pool] Shutting down IDLE worker (~diagnostic~)
[debug] [2020-02-16T07:51:18.519Z] [worker-~diagnostic~-37ec7485-4c1c-433b-9194-eda48114b720]: FINISHING
[debug] [2020-02-16T07:51:18.520Z] [worker-pool] Cleaned up workers for ~diagnostic~: 2 --> 1
[debug] [2020-02-16T07:51:18.525Z] [worker-pool] addWorker(~diagnostic~)
[debug] [2020-02-16T07:51:18.525Z] [worker-pool] Adding worker with key ~diagnostic~, total=2
[debug] [2020-02-16T07:51:18.525Z] [worker-pool] submitWork(triggerId=)
[debug] [2020-02-16T07:51:18.526Z] [worker-~diagnostic~-557675c2-d3ac-47cb-8639-4ea4979a58c6]: Assigning socketPath: \\?\pipe\C:\Users\Administrator\source\gemalto-challenge\gemography\25644
[debug] [2020-02-16T07:51:18.526Z] [worker-~diagnostic~-557675c2-d3ac-47cb-8639-4ea4979a58c6]: BUSY
[debug] [2020-02-16T07:51:18.538Z] [worker-~diagnostic~-37ec7485-4c1c-433b-9194-eda48114b720]: exited
[debug] [2020-02-16T07:51:18.538Z] [worker-~diagnostic~-37ec7485-4c1c-433b-9194-eda48114b720]: FINISHED
[debug] [2020-02-16T07:51:19.834Z] [runtime-status] [25644] Functions runtime initialized. {"cwd":"C:\\Users\\Administrator\\source\\gemalto-challenge\\gemography","node_version":"12.14.1"}
[debug] [2020-02-16T07:51:19.837Z] [runtime-status] [25644] Disabled runtime features: {"functions_config_helper":true,"network_filtering":true,"timeout":true,"memory_limiting":true,"admin_stubs":true,"pubsub_emulator":true}
[debug] [2020-02-16T07:51:19.845Z] [runtime-status] [25644] Resolved module firebase-admin {"declared":true,"installed":true,"version":"8.9.2","resolution":"C:\\Users\\Administrator\\source\\gemalto-challenge\\gemography\\node_modules\\firebase-admin\\lib\\index.js"}
[debug] [2020-02-16T07:51:19.849Z] [runtime-status] [25644] Resolved module firebase-functions {"declared":true,"installed":true,"version":"3.3.0","resolution":"C:\\Users\\Administrator\\source\\gemalto-challenge\\gemography\\node_modules\\firebase-functions\\lib\\index.js"}
[debug] [2020-02-16T07:51:19.851Z] [runtime-status] [25644] Resolved module firebase-functions {"declared":true,"installed":true,"version":"3.3.0","resolution":"C:\\Users\\Administrator\\source\\gemalto-challenge\\gemography\\node_modules\\firebase-functions\\lib\\index.js"}
[info] >  [Nest] 25644   - 02/16/2020, 8:51:22 AM   [NestFactory] Starting Nest application...
[debug] [2020-02-16T07:51:22.371Z] [worker-~diagnostic~-557675c2-d3ac-47cb-8639-4ea4979a58c6]: IDLE
[info] >  [Nest] 25644   - 02/16/2020, 8:51:22 AM   [InstanceLoader] HttpModule dependencies initialized +23ms
[info] >  [Nest] 25644   - 02/16/2020, 8:51:22 AM   [InstanceLoader] AppModule dependencies initialized +1ms
[info] >  [Nest] 25644   - 02/16/2020, 8:51:22 AM   [RoutesResolver] AppController {/api/}: +111ms
[info] >  [Nest] 25644   - 02/16/2020, 8:51:22 AM   [RouterExplorer] Mapped {/hello, GET} route +4ms
[info] >  [Nest] 25644   - 02/16/2020, 8:51:22 AM   [RouterExplorer] Mapped {/toprepos, GET} route +0ms
[info] >  [Nest] 25644   - 02/16/2020, 8:51:22 AM   [RouterExplorer] Mapped {/users/:name/repos, GET} route +2ms
[info] >  [Nest] 25644   - 02/16/2020, 8:51:22 AM   [NestApplication] Nest application successfully started +5ms
[info] >  Listening at http://localhost:3333/api
[debug] [2020-02-16T08:17:35.305Z] File C:\Users\Administrator\source\gemalto-challenge\gemography\azure-pipelines.yml changed, reloading triggers
[debug] [2020-02-16T08:17:36.306Z] [worker-pool] Shutting down IDLE worker (~diagnostic~)
[debug] [2020-02-16T08:17:36.306Z] [worker-~diagnostic~-557675c2-d3ac-47cb-8639-4ea4979a58c6]: FINISHING
[debug] [2020-02-16T08:17:36.306Z] [worker-pool] Cleaned up workers for ~diagnostic~: 2 --> 1
[debug] [2020-02-16T08:17:36.324Z] [worker-pool] addWorker(~diagnostic~)
[debug] [2020-02-16T08:17:36.324Z] [worker-pool] Adding worker with key ~diagnostic~, total=2
[debug] [2020-02-16T08:17:36.324Z] [worker-pool] submitWork(triggerId=)
[debug] [2020-02-16T08:17:36.324Z] [worker-~diagnostic~-790a80b8-d8bf-46b9-a78b-370b94df3fb5]: Assigning socketPath: \\?\pipe\C:\Users\Administrator\source\gemalto-challenge\gemography\27432
[debug] [2020-02-16T08:17:36.324Z] [worker-~diagnostic~-790a80b8-d8bf-46b9-a78b-370b94df3fb5]: BUSY
[debug] [2020-02-16T08:17:36.325Z] [worker-~diagnostic~-557675c2-d3ac-47cb-8639-4ea4979a58c6]: exited
[debug] [2020-02-16T08:17:36.325Z] [worker-~diagnostic~-557675c2-d3ac-47cb-8639-4ea4979a58c6]: FINISHED
[debug] [2020-02-16T08:17:36.779Z] File C:\Users\Administrator\source\gemalto-challenge\gemography\azure-pipelines.yml changed, reloading triggers
[debug] [2020-02-16T08:17:37.713Z] [runtime-status] [27432] Functions runtime initialized. {"cwd":"C:\\Users\\Administrator\\source\\gemalto-challenge\\gemography","node_version":"12.14.1"}
[debug] [2020-02-16T08:17:37.716Z] [runtime-status] [27432] Disabled runtime features: {"functions_config_helper":true,"network_filtering":true,"timeout":true,"memory_limiting":true,"admin_stubs":true,"pubsub_emulator":true}
[debug] [2020-02-16T08:17:37.722Z] [runtime-status] [27432] Resolved module firebase-admin {"declared":true,"installed":true,"version":"8.9.2","resolution":"C:\\Users\\Administrator\\source\\gemalto-challenge\\gemography\\node_modules\\firebase-admin\\lib\\index.js"}
[debug] [2020-02-16T08:17:37.725Z] [runtime-status] [27432] Resolved module firebase-functions {"declared":true,"installed":true,"version":"3.3.0","resolution":"C:\\Users\\Administrator\\source\\gemalto-challenge\\gemography\\node_modules\\firebase-functions\\lib\\index.js"}
[debug] [2020-02-16T08:17:37.730Z] [runtime-status] [27432] Resolved module firebase-functions {"declared":true,"installed":true,"version":"3.3.0","resolution":"C:\\Users\\Administrator\\source\\gemalto-challenge\\gemography\\node_modules\\firebase-functions\\lib\\index.js"}
[debug] [2020-02-16T08:17:37.781Z] [worker-pool] Marking BUSY worker to finish (~diagnostic~)
[debug] [2020-02-16T08:17:37.782Z] [worker-~diagnostic~-790a80b8-d8bf-46b9-a78b-370b94df3fb5]: FINISHING
[debug] [2020-02-16T08:17:37.782Z] [worker-pool] Cleaned up workers for ~diagnostic~: 2 --> 1
[debug] [2020-02-16T08:17:37.788Z] [worker-pool] addWorker(~diagnostic~)
[debug] [2020-02-16T08:17:37.788Z] [worker-pool] Adding worker with key ~diagnostic~, total=2
[debug] [2020-02-16T08:17:37.788Z] [worker-pool] submitWork(triggerId=)
[debug] [2020-02-16T08:17:37.788Z] [worker-~diagnostic~-d59e087c-d3af-4c49-8a22-0d21bca3421e]: Assigning socketPath: \\?\pipe\C:\Users\Administrator\source\gemalto-challenge\gemography\23916
[debug] [2020-02-16T08:17:37.788Z] [worker-~diagnostic~-d59e087c-d3af-4c49-8a22-0d21bca3421e]: BUSY
[debug] [2020-02-16T08:17:38.526Z] [runtime-status] [23916] Functions runtime initialized. {"cwd":"C:\\Users\\Administrator\\source\\gemalto-challenge\\gemography","node_version":"12.14.1"}
[debug] [2020-02-16T08:17:38.530Z] [runtime-status] [23916] Disabled runtime features: {"functions_config_helper":true,"network_filtering":true,"timeout":true,"memory_limiting":true,"admin_stubs":true,"pubsub_emulator":true}
[debug] [2020-02-16T08:17:38.535Z] [runtime-status] [23916] Resolved module firebase-admin {"declared":true,"installed":true,"version":"8.9.2","resolution":"C:\\Users\\Administrator\\source\\gemalto-challenge\\gemography\\node_modules\\firebase-admin\\lib\\index.js"}
[debug] [2020-02-16T08:17:38.539Z] [runtime-status] [23916] Resolved module firebase-functions {"declared":true,"installed":true,"version":"3.3.0","resolution":"C:\\Users\\Administrator\\source\\gemalto-challenge\\gemography\\node_modules\\firebase-functions\\lib\\index.js"}
[debug] [2020-02-16T08:17:38.541Z] [runtime-status] [23916] Resolved module firebase-functions {"declared":true,"installed":true,"version":"3.3.0","resolution":"C:\\Users\\Administrator\\source\\gemalto-challenge\\gemography\\node_modules\\firebase-functions\\lib\\index.js"}
[info] >  [Nest] 27432   - 02/16/2020, 9:17:40 AM   [NestFactory] Starting Nest application...
[debug] [2020-02-16T08:17:40.165Z] [worker-~diagnostic~-790a80b8-d8bf-46b9-a78b-370b94df3fb5]: IDLE --> FINISHING
[debug] [2020-02-16T08:17:40.184Z] [worker-~diagnostic~-790a80b8-d8bf-46b9-a78b-370b94df3fb5]: exited
[debug] [2020-02-16T08:17:40.184Z] [worker-~diagnostic~-790a80b8-d8bf-46b9-a78b-370b94df3fb5]: FINISHED
[info] >  [Nest] 23916   - 02/16/2020, 9:17:40 AM   [NestFactory] Starting Nest application...
[debug] [2020-02-16T08:17:40.362Z] [worker-~diagnostic~-d59e087c-d3af-4c49-8a22-0d21bca3421e]: IDLE
[info] >  [Nest] 23916   - 02/16/2020, 9:17:40 AM   [InstanceLoader] HttpModule dependencies initialized +22ms
[info] >  [Nest] 23916   - 02/16/2020, 9:17:40 AM   [InstanceLoader] AppModule dependencies initialized +1ms
[info] >  [Nest] 23916   - 02/16/2020, 9:17:40 AM   [RoutesResolver] AppController {/api/}: +99ms
[info] >  [Nest] 23916   - 02/16/2020, 9:17:40 AM   [RouterExplorer] Mapped {/hello, GET} route +3ms
[info] >  [Nest] 23916   - 02/16/2020, 9:17:40 AM   [RouterExplorer] Mapped {/toprepos, GET} route +1ms
[info] >  [Nest] 23916   - 02/16/2020, 9:17:40 AM   [RouterExplorer] Mapped {/users/:name/repos, GET} route +2ms
[info] >  [Nest] 23916   - 02/16/2020, 9:17:40 AM   [NestApplication] Nest application successfully started +3ms
[info] >  Listening at http://localhost:3333/api
[debug] [2020-02-16T08:17:48.088Z] File C:\Users\Administrator\source\gemalto-challenge\gemography\package.json changed, reloading triggers
